0.412210
0.401709
0.374115
0.360928
0.345055
0.345788
0.357265
0.365324
0.350183
0.347253
0.344078
0.334554
0.326740
0.316972
0.310623
0.310379
0.327717
0.368498
0.388278
0.383394
0.372650
0.370940
0.373626
0.373382
0.375824
0.348718
0.368742
0.373871
0.382906
0.367033
0.350183
0.323565
0.293773
0.281319
0.282540
0.361416
0.416850
0.441758
0.445665
0.438828
0.431013
0.433944
0.436874
0.442002
0.448107
0.430525
0.421245
0.417338
0.407570
0.340904
0.341636
0.360928
0.370696
0.391941
0.415629
0.433700
0.441758
0.437851
0.431258
0.398291
0.327473
0.308425
0.309890
0.316239
0.313797
0.317460
0.314774
0.318437
0.380708
0.417094
0.432234
0.437607
0.396825
0.350916
0.371673
0.395849
0.425397
0.431258
0.414164
0.395360
0.221245
0.295971
0.432479
0.364835
0.326984
0.305495
0.378510
0.304274
0.311355
0.312088
0.318681
0.323810
0.346032
0.347497
0.329182
0.318681
0.316484
0.324542
0.324054
0.319170
0.315751
0.309402
0.300122
0.312088
0.321123
0.342613
0.311600
0.308913
0.382173
0.379487
0.327717
0.327961
0.322833
0.377534
0.363858
0.376801
0.387302
0.361172
0.319658
0.294994
0.315751
0.312821
0.374359
0.360440
0.322100
0.350916
0.427350
0.341148
0.351160
0.351160
0.275946
0.426129
0.321612
0.408059
0.346032
